Copyright 1986-2015 Xilinx, Inc. All Rights Reserved.
----------------------------------------------------------------------------------------
| Tool Version     : Vivado v.2015.4 (win64) Build 1412921 Wed Nov 18 09:43:45 MST 2015
| Date             : Tue Apr 05 14:28:36 2016
| Host             : DESKTOP-87HGRSN running 64-bit major release  (build 9200)
| Command          : 
| Design           : ex57
| Device           : xc7a100tcsg324-1
| Design State     : routed
| Grade            : commercial
| Process          : typical
| Characterization : Production
----------------------------------------------------------------------------------------

Power Report

Table of Contents
-----------------
1. Summary
1.1 On-Chip Components
1.2 Power Supply Summary
1.3 Confidence Level
2. Settings
2.1 Environment
2.2 Clock Constraints
3. Detailed Reports
3.1 By Hierarchy

1. Summary
----------

+--------------------------+--------+
| Total On-Chip Power (W)  | 0.123  |
| Dynamic (W)              | 0.026  |
| Device Static (W)        | 0.097  |
| Effective TJA (C/W)      | 4.6    |
| Max Ambient (C)          | 84.4   |
| Junction Temperature (C) | 25.6   |
| Confidence Level         | Medium |
| Setting File             | ---    |
| Simulation Activity File | ---    |
| Design Nets Matched      | NA     |
+--------------------------+--------+


1.1 On-Chip Components
----------------------

+----------------+-----------+----------+-----------+-----------------+
| On-Chip        | Power (W) | Used     | Available | Utilization (%) |
+----------------+-----------+----------+-----------+-----------------+
| Clocks         |     0.001 |        3 |       --- |             --- |
| Slice Logic    |     0.001 |      412 |       --- |             --- |
|   LUT as Logic |     0.001 |      125 |     63400 |            0.20 |
|   Register     |    <0.001 |      187 |    126800 |            0.15 |
|   CARRY4       |    <0.001 |       13 |     15850 |            0.08 |
|   F7/F8 Muxes  |    <0.001 |        4 |     63400 |           <0.01 |
|   Others       |     0.000 |        8 |       --- |             --- |
| Signals        |     0.001 |      261 |       --- |             --- |
| Block RAM      |     0.002 |      0.5 |       135 |            0.37 |
| I/O            |     0.020 |       19 |       210 |            9.05 |
| Static Power   |     0.097 |          |           |                 |
| Total          |     0.123 |          |           |                 |
+----------------+-----------+----------+-----------+-----------------+


1.2 Power Supply Summary
------------------------

+-----------+-------------+-----------+-------------+------------+
| Source    | Voltage (V) | Total (A) | Dynamic (A) | Static (A) |
+-----------+-------------+-----------+-------------+------------+
| Vccint    |       1.000 |     0.021 |       0.006 |      0.015 |
| Vccaux    |       1.800 |     0.019 |       0.001 |      0.018 |
| Vcco33    |       3.300 |     0.010 |       0.006 |      0.004 |
| Vcco25    |       2.500 |     0.000 |       0.000 |      0.000 |
| Vcco18    |       1.800 |     0.000 |       0.000 |      0.000 |
| Vcco15    |       1.500 |     0.000 |       0.000 |      0.000 |
| Vcco135   |       1.350 |     0.000 |       0.000 |      0.000 |
| Vcco12    |       1.200 |     0.000 |       0.000 |      0.000 |
| Vccaux_io |       1.800 |     0.000 |       0.000 |      0.000 |
| Vccbram   |       1.000 |     0.000 |       0.000 |      0.000 |
| MGTAVcc   |       1.000 |     0.000 |       0.000 |      0.000 |
| MGTAVtt   |       1.200 |     0.000 |       0.000 |      0.000 |
| Vccadc    |       1.800 |     0.020 |       0.000 |      0.020 |
+-----------+-------------+-----------+-------------+------------+


1.3 Confidence Level
--------------------

+-----------------------------+------------+-------------------------------------------------------+------------------------------------------------------------------------------------------------------------+
| User Input Data             | Confidence | Details                                               | Action                                                                                                     |
+-----------------------------+------------+-------------------------------------------------------+------------------------------------------------------------------------------------------------------------+
| Design implementation state | High       | Design is routed                                      |                                                                                                            |
| Clock nodes activity        | High       | User specified more than 95% of clocks                |                                                                                                            |
| I/O nodes activity          | Medium     | More than 5% of inputs are missing user specification | Provide missing input activity with simulation results or by editing the "By Resource Type -> I/Os" view   |
| Internal nodes activity     | Medium     | User specified less than 25% of internal nodes        | Provide missing internal nodes activity with simulation results or by editing the "By Resource Type" views |
| Device models               | High       | Device models are Production                          |                                                                                                            |
|                             |            |                                                       |                                                                                                            |
| Overall confidence level    | Medium     |                                                       |                                                                                                            |
+-----------------------------+------------+-------------------------------------------------------+------------------------------------------------------------------------------------------------------------+


2. Settings
-----------

2.1 Environment
---------------

+-----------------------+--------------------------+
| Ambient Temp (C)      | 25.0                     |
| ThetaJA (C/W)         | 4.6                      |
| Airflow (LFM)         | 250                      |
| Heat Sink             | medium (Medium Profile)  |
| ThetaSA (C/W)         | 4.6                      |
| Board Selection       | medium (10"x10")         |
| # of Board Layers     | 12to15 (12 to 15 Layers) |
| Board Temperature (C) | 25.0                     |
+-----------------------+--------------------------+


2.2 Clock Constraints
---------------------

+-------------+--------+-----------------+
| Clock       | Domain | Constraint (ns) |
+-------------+--------+-----------------+
| sys_clk_pin | clk    |            10.0 |
+-------------+--------+-----------------+


3. Detailed Reports
-------------------

3.1 By Hierarchy
----------------

+-----------------------------------------+-----------+
| Name                                    | Power (W) |
+-----------------------------------------+-----------+
| ex57                                    |     0.026 |
|   disp                                  |    <0.001 |
|   maxmin                                |     0.005 |
|     lut                                 |     0.002 |
|       U0                                |     0.002 |
|         inst_blk_mem_gen                |     0.002 |
|           gnativebmg.native_blk_mem_gen |     0.002 |
|             valid.cstr                  |     0.002 |
|               ramloop[0].ram.r          |     0.002 |
|                 prim_init.ram           |     0.002 |
+-----------------------------------------+-----------+


