Copyright 1986-2016 Xilinx, Inc. All Rights Reserved.
---------------------------------------------------------------------------------------
| Tool Version : Vivado v.2016.4 (win64) Build 1756540 Mon Jan 23 19:11:23 MST 2017
| Date         : Mon Mar 27 15:45:23 2017
| Host         : DESKTOP-MTFSQ99 running 64-bit major release  (build 9200)
| Command      : report_control_sets -verbose -file TopTrivial_control_sets_placed.rpt
| Design       : TopTrivial
| Device       : xc7a100t
---------------------------------------------------------------------------------------

Control Set Information

Table of Contents
-----------------
1. Summary
2. Flip-Flop Distribution
3. Detailed Control Set Information

1. Summary
----------

+----------------------------------------------------------+-------+
|                          Status                          | Count |
+----------------------------------------------------------+-------+
| Number of unique control sets                            |     3 |
| Unused register locations in slices containing registers |     8 |
+----------------------------------------------------------+-------+


2. Flip-Flop Distribution
-------------------------

+--------------+-----------------------+------------------------+-----------------+--------------+
| Clock Enable | Synchronous Set/Reset | Asynchronous Set/Reset | Total Registers | Total Slices |
+--------------+-----------------------+------------------------+-----------------+--------------+
| No           | No                    | No                     |              44 |           12 |
| No           | No                    | Yes                    |               0 |            0 |
| No           | Yes                   | No                     |               0 |            0 |
| Yes          | No                    | No                     |              36 |           12 |
| Yes          | No                    | Yes                    |               0 |            0 |
| Yes          | Yes                   | No                     |               0 |            0 |
+--------------+-----------------------+------------------------+-----------------+--------------+


3. Detailed Control Set Information
-----------------------------------

+----------------+--------------------------------+------------------+------------------+----------------+
|  Clock Signal  |          Enable Signal         | Set/Reset Signal | Slice Load Count | Bel Load Count |
+----------------+--------------------------------+------------------+------------------+----------------+
|  clk_IBUF_BUFG | binTO_BCD/int_rg_c[15]_i_1_n_0 |                  |                7 |             16 |
|  clk_IBUF_BUFG | binTO_BCD/BCD0[3]_i_1_n_0      |                  |                5 |             20 |
|  clk_IBUF_BUFG |                                |                  |               12 |             44 |
+----------------+--------------------------------+------------------+------------------+----------------+


+--------+-----------------------+
| Fanout | Number of ControlSets |
+--------+-----------------------+
| 16+    |                     3 |
+--------+-----------------------+


